
/*************** Nueva partida *****************/
columnas: 3
filas: 3
c: 3
p: 24
color: rojo
color del oponente: azul
vas primero: True
/**********************************************/
envio <type 'str'>: rojo azul
envio <type 'str'>: 3 3 3 24
envio <type 'str'>: vos
recibo <type 'str'>: 0
envio <type 'int'>: 2
recibo <type 'str'>: 2
envio <type 'int'>: 2
recibo <type 'str'>: 1
envio <type 'int'>: 0
recibo <type 'str'>: 0
envio <type 'int'>: 1
recibo <type 'str'>: 1
envio <type 'str'>: empataron

/*************** Nueva partida *****************/
columnas: 3
filas: 3
c: 3
p: 24
color: rojo
color del oponente: azul
vas primero: True
/**********************************************/
envio <type 'str'>: rojo azul
envio <type 'str'>: 3 3 3 24
envio <type 'str'>: vos
recibo <type 'str'>: 0
envio <type 'int'>: 2
recibo <type 'str'>: 2
envio <type 'int'>: 2
recibo <type 'str'>: 1
envio <type 'int'>: 0
recibo <type 'str'>: 0
envio <type 'int'>: 1
recibo <type 'str'>: 1
envio <type 'str'>: empataron
envio <type 'str'>: salir
recibo <type 'str'>: listo
